<?xml version="1.0" encoding="UTF-8"?>
<!-- Generated by org.testng.reporters.JUnitXMLReporter -->
<testsuite ignored="0" hostname="LAPTOP-HAVD9G37" failures="0" tests="2" name="Default test" time="0.129" errors="0" timestamp="2022-05-27T15:54:25 IST">
  <testcase classname="Test.VerifyLogin_AddToCart" name="@BeforeTest launchbrowser1" time="-1.653647065374E9">
    <failure type="org.testng.TestNGException" message="
Parameter &amp;apos;browsername&amp;apos; is required by BeforeTest on method launchbrowser1 but has not been marked @Optional or defined
in C:\Users\HP\AppData\Local\Temp\testng-eclipse-978934179\testng-customsuite.xml">
      <![CDATA[org.testng.TestNGException: 
Parameter 'browsername' is required by BeforeTest on method launchbrowser1 but has not been marked @Optional or defined
in C:\Users\HP\AppData\Local\Temp\testng-eclipse-978934179\testng-customsuite.xml
at org.testng.internal.Parameters.createParams(Parameters.java:270)
at org.testng.internal.Parameters.createParametersForMethod(Parameters.java:358)
at org.testng.internal.Parameters.createParameters(Parameters.java:700)
at org.testng.internal.Parameters.createConfigurationParameters(Parameters.java:168)
at org.testng.internal.ConfigInvoker.invokeConfigurations(ConfigInvoker.java:302)
at org.testng.TestRunner.invokeTestConfigurations(TestRunner.java:637)
at org.testng.TestRunner.beforeRun(TestRunner.java:627)
at org.testng.TestRunner.run(TestRunner.java:589)
at org.testng.SuiteRunner.runTest(SuiteRunner.java:377)
at org.testng.SuiteRunner.runSequentially(SuiteRunner.java:371)
at org.testng.SuiteRunner.privateRun(SuiteRunner.java:332)
at org.testng.SuiteRunner.run(SuiteRunner.java:276)
at org.testng.SuiteRunnerWorker.runSuite(SuiteRunnerWorker.java:53)
at org.testng.SuiteRunnerWorker.run(SuiteRunnerWorker.java:96)
at org.testng.TestNG.runSuitesSequentially(TestNG.java:1212)
at org.testng.TestNG.runSuitesLocally(TestNG.java:1134)
at org.testng.TestNG.runSuites(TestNG.java:1063)
at org.testng.TestNG.run(TestNG.java:1031)
at org.testng.remote.AbstractRemoteTestNG.run(AbstractRemoteTestNG.java:115)
at org.testng.remote.RemoteTestNG.initAndRun(RemoteTestNG.java:251)
at org.testng.remote.RemoteTestNG.main(RemoteTestNG.java:77)
]]>
    </failure>
  </testcase> <!-- @BeforeTest launchbrowser1 -->
  <testcase classname="Test.VerifyLogin_AddToCart" name="@BeforeClass lcreatePOMobjects" time="-1.653647065428E9">
    <skipped/>
  </testcase> <!-- @BeforeClass lcreatePOMobjects -->
  <testcase classname="Test.VerifyLogin_AddToCart" name="@BeforeMethod logintoapplication" time="-1.653647065452E9">
    <skipped/>
  </testcase> <!-- @BeforeMethod logintoapplication -->
  <testcase classname="Test.VerifyLogin_AddToCart" name="@AfterMethod aftermethod" time="-1.653647065465E9">
    <skipped/>
  </testcase> <!-- @AfterMethod aftermethod -->
  <testcase classname="Test.VerifyLogin_AddToCart" name="@BeforeMethod logintoapplication" time="-1.653647065472E9">
    <skipped/>
  </testcase> <!-- @BeforeMethod logintoapplication -->
  <testcase classname="Test.VerifyLogin_AddToCart" name="@AfterMethod aftermethod" time="-1.653647065481E9">
    <skipped/>
  </testcase> <!-- @AfterMethod aftermethod -->
  <testcase classname="Test.VerifyLogin_AddToCart" name="@AfterClass clearobject" time="-1.653647065485E9">
    <skipped/>
  </testcase> <!-- @AfterClass clearobject -->
  <testcase classname="Test.VerifyLogin_AddToCart" name="@AfterTest closebrowser" time="-1.65364706549E9">
    <skipped/>
  </testcase> <!-- @AfterTest closebrowser -->
  <testcase classname="Test.VerifyLogin_AddToCart" name="verifyhomepage" time="0.0">
    <skipped/>
  </testcase> <!-- verifyhomepage -->
  <testcase classname="Test.VerifyLogin_AddToCart" name="verifyaddtocart" time="0.0">
    <skipped/>
  </testcase> <!-- verifyaddtocart -->
</testsuite> <!-- Default test -->
