<?xml version="1.0" encoding="UTF-8"?>
<!-- Generated by org.testng.reporters.JUnitXMLReporter -->
<testsuite ignored="0" hostname="LAPTOP-HAVD9G37" failures="0" tests="2" name="Default test(failed)" time="0.144" errors="0" timestamp="2022-05-25T11:37:21 IST">
  <testcase classname="Test.VerifyLogin_AddToCart" name="@BeforeTest launchbrowser1" time="-1.653458841633E9">
    <failure type="org.testng.TestNGException" message="
Parameter &amp;apos;browsername&amp;apos; is required by BeforeTest on method launchbrowser1 but has not been marked @Optional or defined
in C:\Users\HP\eclipse-workspace\Project.SauceLabs\test-output\testng-failed.xml">
      <![CDATA[org.testng.TestNGException: 
Parameter 'browsername' is required by BeforeTest on method launchbrowser1 but has not been marked @Optional or defined
in C:\Users\HP\eclipse-workspace\Project.SauceLabs\test-output\testng-failed.xml
... Removed 21 stack frames]]>
    </failure>
  </testcase> <!-- @BeforeTest launchbrowser1 -->
  <testcase classname="Test.VerifyLogin_AddToCart" name="@BeforeClass lcreatePOMobjects" time="-1.65345884168E9">
    <skipped/>
  </testcase> <!-- @BeforeClass lcreatePOMobjects -->
  <testcase classname="Test.VerifyLogin_AddToCart" name="@BeforeMethod logintoapplication" time="-1.653458841708E9">
    <skipped/>
  </testcase> <!-- @BeforeMethod logintoapplication -->
  <testcase classname="Test.VerifyLogin_AddToCart" name="@AfterMethod aftermethod" time="-1.653458841725E9">
    <skipped/>
  </testcase> <!-- @AfterMethod aftermethod -->
  <testcase classname="Test.VerifyLogin_AddToCart" name="@BeforeMethod logintoapplication" time="-1.653458841734E9">
    <skipped/>
  </testcase> <!-- @BeforeMethod logintoapplication -->
  <testcase classname="Test.VerifyLogin_AddToCart" name="@AfterMethod aftermethod" time="-1.653458841743E9">
    <skipped/>
  </testcase> <!-- @AfterMethod aftermethod -->
  <testcase classname="Test.VerifyLogin_AddToCart" name="@AfterClass clearobject" time="-1.653458841747E9">
    <skipped/>
  </testcase> <!-- @AfterClass clearobject -->
  <testcase classname="Test.VerifyLogin_AddToCart" name="@AfterTest closebrowser" time="-1.653458841756E9">
    <skipped/>
  </testcase> <!-- @AfterTest closebrowser -->
  <testcase classname="Test.VerifyLogin_AddToCart" name="verifyhomepage" time="0.0">
    <skipped/>
  </testcase> <!-- verifyhomepage -->
  <testcase classname="Test.VerifyLogin_AddToCart" name="verifyaddtocart" time="0.0">
    <skipped/>
  </testcase> <!-- verifyaddtocart -->
</testsuite> <!-- Default test(failed) -->
